<?xml version="1.0" encoding="UTF-8"?>
<!-- Generated by org.testng.reporters.JUnitReportReporter -->
<testsuite skipped="0" hostname="ITSVR" name="TestNGTest.NewTest" tests="3" failures="0" timestamp="03 Apr 2018 09:16:38 GMT" time="0.016" errors="0">
  <testcase name="TearDown" time="0.002" classname="TestNGTest.NewTest"/>
  <testcase name="LoginTest" time="0.007" classname="TestNGTest.NewTest"/>
  <testcase name="UserTest" time="0.007" classname="TestNGTest.NewTest"/>
</testsuite> <!-- TestNGTest.NewTest -->
